<?xml version="1.0" encoding="UTF-8"?>
<coverage generated="1538620044211" clover="3.2.0">
  <project timestamp="1538620044212" name="All files">
    <metrics statements="42" coveredstatements="41" conditionals="26" coveredconditionals="22" methods="20" coveredmethods="20" elements="88" coveredelements="83" complexity="0" loc="42" ncloc="42" packages="2" files="8" classes="8">
      <package name="client.components">
        <metrics statements="25" coveredstatements="24" conditionals="10" coveredconditionals="9" methods="11" coveredmethods="11"/>
        <file name="InputBox.jsx" path="/home/anthony/develop/chat-app/src/client/components/InputBox.jsx">
          <metrics statements="8" coveredstatements="7" conditionals="2" coveredconditionals="1" methods="2" coveredmethods="2"/>
          <line num="8" count="1" type="stmt"/>
          <line num="9" count="1" type="stmt"/>
          <line num="10" count="1" type="cond" truecount="1" falsecount="1"/>
          <line num="11" count="1" type="stmt"/>
          <line num="12" count="1" type="stmt"/>
          <line num="14" count="0" type="stmt"/>
          <line num="18" count="1" type="stmt"/>
          <line num="33" count="1" type="stmt"/>
        </file>
        <file name="Message.jsx" path="/home/anthony/develop/chat-app/src/client/components/Message.jsx">
          <metrics statements="4" coveredstatements="4" conditionals="2" coveredconditionals="2" methods="1" coveredmethods="1"/>
          <line num="7" count="3" type="stmt"/>
          <line num="8" count="3" type="cond" truecount="2" falsecount="0"/>
          <line num="10" count="3" type="stmt"/>
          <line num="24" count="2" type="stmt"/>
        </file>
        <file name="MessageList.jsx" path="/home/anthony/develop/chat-app/src/client/components/MessageList.jsx">
          <metrics statements="7" coveredstatements="7" conditionals="4" coveredconditionals="4" methods="4" coveredmethods="4"/>
          <line num="9" count="2" type="stmt"/>
          <line num="13" count="2" type="cond" truecount="4" falsecount="0"/>
          <line num="14" count="1" type="stmt"/>
          <line num="16" count="1" type="stmt"/>
          <line num="17" count="2" type="stmt"/>
          <line num="25" count="2" type="stmt"/>
          <line num="33" count="1" type="stmt"/>
        </file>
        <file name="RoomList.jsx" path="/home/anthony/develop/chat-app/src/client/components/RoomList.jsx">
          <metrics statements="6" coveredstatements="6" conditionals="2" coveredconditionals="2" methods="4" coveredmethods="4"/>
          <line num="7" count="4" type="stmt"/>
          <line num="11" count="2" type="stmt"/>
          <line num="12" count="2" type="stmt"/>
          <line num="16" count="4" type="stmt"/>
          <line num="20" count="1" type="stmt"/>
          <line num="32" count="1" type="stmt"/>
        </file>
      </package>
      <package name="server">
        <metrics statements="17" coveredstatements="17" conditionals="16" coveredconditionals="13" methods="9" coveredmethods="9"/>
        <file name="actionCreator.js" path="/home/anthony/develop/chat-app/src/server/actionCreator.js">
          <metrics statements="2" coveredstatements="2" conditionals="0" coveredconditionals="0" methods="2" coveredmethods="2"/>
          <line num="2" count="4" type="stmt"/>
          <line num="8" count="2" type="stmt"/>
        </file>
        <file name="core.js" path="/home/anthony/develop/chat-app/src/server/core.js">
          <metrics statements="9" coveredstatements="9" conditionals="13" coveredconditionals="11" methods="5" coveredmethods="5"/>
          <line num="4" count="3" type="stmt"/>
          <line num="9" count="9" type="cond" truecount="3" falsecount="1"/>
          <line num="11" count="9" type="stmt"/>
          <line num="19" count="4" type="stmt"/>
          <line num="20" count="4" type="stmt"/>
          <line num="21" count="4" type="cond" truecount="4" falsecount="0"/>
          <line num="22" count="1" type="stmt"/>
          <line num="23" count="1" type="stmt"/>
          <line num="25" count="3" type="stmt"/>
        </file>
        <file name="reducer.js" path="/home/anthony/develop/chat-app/src/server/reducer.js">
          <metrics statements="4" coveredstatements="4" conditionals="2" coveredconditionals="2" methods="1" coveredmethods="1"/>
          <line num="7" count="10" type="cond" truecount="2" falsecount="0"/>
          <line num="9" count="7" type="stmt"/>
          <line num="11" count="2" type="stmt"/>
          <line num="13" count="1" type="stmt"/>
        </file>
        <file name="store.js" path="/home/anthony/develop/chat-app/src/server/store.js">
          <metrics statements="2" coveredstatements="2" conditionals="1" coveredconditionals="0" methods="1" coveredmethods="1"/>
          <line num="5" count="1" type="stmt"/>
          <line num="12" count="1" type="stmt"/>
        </file>
      </package>
    </metrics>
  </project>
</coverage>
