{"/home/anthony/develop/chat-app/src/client/components/InputBox.jsx": {"path":"/home/anthony/develop/chat-app/src/client/components/InputBox.jsx","statementMap":{"0":{"start":{"line":8,"column":4},"end":{"line":8,"column":23}},"1":{"start":{"line":9,"column":20},"end":{"line":9,"column":60}},"2":{"start":{"line":10,"column":4},"end":{"line":15,"column":5}},"3":{"start":{"line":11,"column":6},"end":{"line":11,"column":46}},"4":{"start":{"line":12,"column":6},"end":{"line":12,"column":27}},"5":{"start":{"line":14,"column":6},"end":{"line":14,"column":53}},"6":{"start":{"line":18,"column":4},"end":{"line":29,"column":5}},"7":{"start":{"line":33,"column":0},"end":{"line":33,"column":46}}},"fnMap":{"0":{"name":"(anonymous_0)","decl":{"start":{"line":7,"column":2},"end":{"line":7,"column":3}},"loc":{"start":{"line":7,"column":18},"end":{"line":16,"column":3}},"line":7},"1":{"name":"(anonymous_1)","decl":{"start":{"line":17,"column":2},"end":{"line":17,"column":3}},"loc":{"start":{"line":17,"column":11},"end":{"line":30,"column":3}},"line":17}},"branchMap":{"0":{"loc":{"start":{"line":10,"column":4},"end":{"line":15,"column":5}},"type":"if","locations":[{"start":{"line":10,"column":4},"end":{"line":15,"column":5}},{"start":{"line":10,"column":4},"end":{"line":15,"column":5}}],"line":10}},"s":{"0":1,"1":1,"2":1,"3":1,"4":1,"5":0,"6":1,"7":1},"f":{"0":1,"1":1},"b":{"0":[1,0]},"_coverageSchema":"332fd63041d2c1bcb487cc26dd0d5f7d97098a6c","hash":"6fc97d951daa1140086f5c34e1e2b2583297767d"}
,"/home/anthony/develop/chat-app/src/client/components/Message.jsx": {"path":"/home/anthony/develop/chat-app/src/client/components/Message.jsx","statementMap":{"0":{"start":{"line":7,"column":32},"end":{"line":7,"column":42}},"1":{"start":{"line":8,"column":22},"end":{"line":8,"column":50}},"2":{"start":{"line":10,"column":4},"end":{"line":20,"column":6}},"3":{"start":{"line":24,"column":0},"end":{"line":24,"column":45}}},"fnMap":{"0":{"name":"(anonymous_0)","decl":{"start":{"line":6,"column":2},"end":{"line":6,"column":3}},"loc":{"start":{"line":6,"column":11},"end":{"line":21,"column":3}},"line":6}},"branchMap":{"0":{"loc":{"start":{"line":8,"column":22},"end":{"line":8,"column":50}},"type":"cond-expr","locations":[{"start":{"line":8,"column":31},"end":{"line":8,"column":45}},{"start":{"line":8,"column":48},"end":{"line":8,"column":50}}],"line":8}},"s":{"0":3,"1":3,"2":3,"3":2},"f":{"0":3},"b":{"0":[1,2]},"_coverageSchema":"332fd63041d2c1bcb487cc26dd0d5f7d97098a6c","hash":"5beb8d1d6152d49a8956d640c6db6d5766428c30"}
,"/home/anthony/develop/chat-app/src/client/components/MessageList.jsx": {"path":"/home/anthony/develop/chat-app/src/client/components/MessageList.jsx","statementMap":{"0":{"start":{"line":9,"column":4},"end":{"line":9,"column":55}},"1":{"start":{"line":13,"column":4},"end":{"line":15,"column":5}},"2":{"start":{"line":14,"column":6},"end":{"line":14,"column":27}},"3":{"start":{"line":16,"column":4},"end":{"line":21,"column":6}},"4":{"start":{"line":17,"column":6},"end":{"line":20,"column":8}},"5":{"start":{"line":25,"column":4},"end":{"line":29,"column":6}},"6":{"start":{"line":33,"column":0},"end":{"line":33,"column":49}}},"fnMap":{"0":{"name":"(anonymous_0)","decl":{"start":{"line":8,"column":2},"end":{"line":8,"column":3}},"loc":{"start":{"line":8,"column":18},"end":{"line":10,"column":3}},"line":8},"1":{"name":"(anonymous_1)","decl":{"start":{"line":12,"column":2},"end":{"line":12,"column":3}},"loc":{"start":{"line":12,"column":25},"end":{"line":22,"column":3}},"line":12},"2":{"name":"(anonymous_2)","decl":{"start":{"line":16,"column":24},"end":{"line":16,"column":25}},"loc":{"start":{"line":17,"column":6},"end":{"line":20,"column":8}},"line":17},"3":{"name":"(anonymous_3)","decl":{"start":{"line":24,"column":2},"end":{"line":24,"column":3}},"loc":{"start":{"line":24,"column":11},"end":{"line":30,"column":3}},"line":24}},"branchMap":{"0":{"loc":{"start":{"line":13,"column":4},"end":{"line":15,"column":5}},"type":"if","locations":[{"start":{"line":13,"column":4},"end":{"line":15,"column":5}},{"start":{"line":13,"column":4},"end":{"line":15,"column":5}}],"line":13},"1":{"loc":{"start":{"line":13,"column":8},"end":{"line":13,"column":40}},"type":"binary-expr","locations":[{"start":{"line":13,"column":8},"end":{"line":13,"column":17}},{"start":{"line":13,"column":21},"end":{"line":13,"column":40}}],"line":13}},"s":{"0":2,"1":2,"2":1,"3":1,"4":2,"5":2,"6":1},"f":{"0":2,"1":2,"2":2,"3":2},"b":{"0":[1,1],"1":[2,2]},"_coverageSchema":"332fd63041d2c1bcb487cc26dd0d5f7d97098a6c","hash":"b5f580bd6a0a350eb640481e8fc61bc603f78092"}
,"/home/anthony/develop/chat-app/src/client/components/RoomList.jsx": {"path":"/home/anthony/develop/chat-app/src/client/components/RoomList.jsx","statementMap":{"0":{"start":{"line":7,"column":4},"end":{"line":7,"column":42}},"1":{"start":{"line":11,"column":35},"end":{"line":11,"column":45}},"2":{"start":{"line":12,"column":4},"end":{"line":28,"column":6}},"3":{"start":{"line":16,"column":12},"end":{"line":24,"column":13}},"4":{"start":{"line":20,"column":30},"end":{"line":20,"column":67}},"5":{"start":{"line":32,"column":0},"end":{"line":32,"column":46}}},"fnMap":{"0":{"name":"(anonymous_0)","decl":{"start":{"line":6,"column":2},"end":{"line":6,"column":3}},"loc":{"start":{"line":6,"column":30},"end":{"line":8,"column":3}},"line":6},"1":{"name":"(anonymous_1)","decl":{"start":{"line":10,"column":2},"end":{"line":10,"column":3}},"loc":{"start":{"line":10,"column":11},"end":{"line":29,"column":3}},"line":10},"2":{"name":"(anonymous_2)","decl":{"start":{"line":15,"column":20},"end":{"line":15,"column":21}},"loc":{"start":{"line":15,"column":37},"end":{"line":25,"column":11}},"line":15},"3":{"name":"(anonymous_3)","decl":{"start":{"line":20,"column":25},"end":{"line":20,"column":26}},"loc":{"start":{"line":20,"column":30},"end":{"line":20,"column":67}},"line":20}},"branchMap":{"0":{"loc":{"start":{"line":17,"column":28},"end":{"line":17,"column":76}},"type":"cond-expr","locations":[{"start":{"line":17,"column":63},"end":{"line":17,"column":71}},{"start":{"line":17,"column":74},"end":{"line":17,"column":76}}],"line":17}},"s":{"0":4,"1":2,"2":2,"3":4,"4":1,"5":1},"f":{"0":4,"1":2,"2":4,"3":1},"b":{"0":[2,2]},"_coverageSchema":"332fd63041d2c1bcb487cc26dd0d5f7d97098a6c","hash":"e6ad2ab729da8785cc4da7e452de0d5caf843551"}
,"/home/anthony/develop/chat-app/src/server/actionCreator.js": {"path":"/home/anthony/develop/chat-app/src/server/actionCreator.js","statementMap":{"0":{"start":{"line":2,"column":2},"end":{"line":5,"column":4}},"1":{"start":{"line":8,"column":26},"end":{"line":8,"column":69}},"2":{"start":{"line":8,"column":38},"end":{"line":8,"column":68}}},"fnMap":{"0":{"name":"addRoom","decl":{"start":{"line":1,"column":16},"end":{"line":1,"column":23}},"loc":{"start":{"line":1,"column":30},"end":{"line":6,"column":1}},"line":1},"1":{"name":"(anonymous_1)","decl":{"start":{"line":8,"column":26},"end":{"line":8,"column":27}},"loc":{"start":{"line":8,"column":38},"end":{"line":8,"column":68}},"line":8}},"branchMap":{},"s":{"0":4,"1":2,"2":1},"f":{"0":4,"1":1},"b":{},"_coverageSchema":"332fd63041d2c1bcb487cc26dd0d5f7d97098a6c","hash":"7929c6251eeccacc94771fd46958a03fe8708663"}
,"/home/anthony/develop/chat-app/src/server/core.js": {"path":"/home/anthony/develop/chat-app/src/server/core.js","statementMap":{"0":{"start":{"line":4,"column":29},"end":{"line":6,"column":2}},"1":{"start":{"line":9,"column":2},"end":{"line":9,"column":41}},"2":{"start":{"line":9,"column":28},"end":{"line":9,"column":41}},"3":{"start":{"line":11,"column":2},"end":{"line":15,"column":7}},"4":{"start":{"line":11,"column":40},"end":{"line":15,"column":5}},"5":{"start":{"line":19,"column":16},"end":{"line":19,"column":34}},"6":{"start":{"line":20,"column":14},"end":{"line":20,"column":54}},"7":{"start":{"line":20,"column":35},"end":{"line":20,"column":53}},"8":{"start":{"line":21,"column":2},"end":{"line":24,"column":3}},"9":{"start":{"line":22,"column":4},"end":{"line":22,"column":29}},"10":{"start":{"line":23,"column":4},"end":{"line":23,"column":17}},"11":{"start":{"line":25,"column":2},"end":{"line":25,"column":64}},"12":{"start":{"line":25,"column":40},"end":{"line":25,"column":62}}},"fnMap":{"0":{"name":"addRoom","decl":{"start":{"line":8,"column":16},"end":{"line":8,"column":23}},"loc":{"start":{"line":8,"column":53},"end":{"line":16,"column":1}},"line":8},"1":{"name":"(anonymous_1)","decl":{"start":{"line":11,"column":31},"end":{"line":11,"column":32}},"loc":{"start":{"line":11,"column":40},"end":{"line":15,"column":5}},"line":11},"2":{"name":"removeRoom","decl":{"start":{"line":18,"column":16},"end":{"line":18,"column":26}},"loc":{"start":{"line":18,"column":46},"end":{"line":26,"column":1}},"line":18},"3":{"name":"(anonymous_3)","decl":{"start":{"line":20,"column":30},"end":{"line":20,"column":31}},"loc":{"start":{"line":20,"column":35},"end":{"line":20,"column":53}},"line":20},"4":{"name":"(anonymous_4)","decl":{"start":{"line":25,"column":31},"end":{"line":25,"column":32}},"loc":{"start":{"line":25,"column":40},"end":{"line":25,"column":62}},"line":25}},"branchMap":{"0":{"loc":{"start":{"line":8,"column":24},"end":{"line":8,"column":45}},"type":"default-arg","locations":[{"start":{"line":8,"column":32},"end":{"line":8,"column":45}}],"line":8},"1":{"loc":{"start":{"line":9,"column":2},"end":{"line":9,"column":41}},"type":"if","locations":[{"start":{"line":9,"column":2},"end":{"line":9,"column":41}},{"start":{"line":9,"column":2},"end":{"line":9,"column":41}}],"line":9},"2":{"loc":{"start":{"line":9,"column":6},"end":{"line":9,"column":26}},"type":"binary-expr","locations":[{"start":{"line":9,"column":6},"end":{"line":9,"column":11}},{"start":{"line":9,"column":15},"end":{"line":9,"column":26}}],"line":9},"3":{"loc":{"start":{"line":12,"column":8},"end":{"line":12,"column":23}},"type":"binary-expr","locations":[{"start":{"line":12,"column":8},"end":{"line":12,"column":15}},{"start":{"line":12,"column":19},"end":{"line":12,"column":23}}],"line":12},"4":{"loc":{"start":{"line":13,"column":10},"end":{"line":13,"column":32}},"type":"binary-expr","locations":[{"start":{"line":13,"column":10},"end":{"line":13,"column":19}},{"start":{"line":13,"column":23},"end":{"line":13,"column":32}}],"line":13},"5":{"loc":{"start":{"line":21,"column":2},"end":{"line":24,"column":3}},"type":"if","locations":[{"start":{"line":21,"column":2},"end":{"line":24,"column":3}},{"start":{"line":21,"column":2},"end":{"line":24,"column":3}}],"line":21},"6":{"loc":{"start":{"line":21,"column":6},"end":{"line":21,"column":60}},"type":"binary-expr","locations":[{"start":{"line":21,"column":6},"end":{"line":21,"column":18}},{"start":{"line":21,"column":22},"end":{"line":21,"column":60}}],"line":21}},"s":{"0":3,"1":9,"2":0,"3":9,"4":9,"5":4,"6":4,"7":4,"8":4,"9":1,"10":1,"11":3,"12":3},"f":{"0":9,"1":9,"2":4,"3":4,"4":3},"b":{"0":[3],"1":[0,9],"2":[9,9],"3":[9,6],"4":[9,0],"5":[1,3],"6":[4,4]},"_coverageSchema":"332fd63041d2c1bcb487cc26dd0d5f7d97098a6c","hash":"63ea161f0ba894ea6fcc127de056ecabff0af9a5"}
,"/home/anthony/develop/chat-app/src/server/reducer.js": {"path":"/home/anthony/develop/chat-app/src/server/reducer.js","statementMap":{"0":{"start":{"line":7,"column":2},"end":{"line":12,"column":3}},"1":{"start":{"line":9,"column":6},"end":{"line":9,"column":41}},"2":{"start":{"line":11,"column":6},"end":{"line":11,"column":47}},"3":{"start":{"line":13,"column":2},"end":{"line":13,"column":15}}},"fnMap":{"0":{"name":"reducer","decl":{"start":{"line":6,"column":24},"end":{"line":6,"column":31}},"loc":{"start":{"line":6,"column":47},"end":{"line":14,"column":1}},"line":6}},"branchMap":{"0":{"loc":{"start":{"line":7,"column":2},"end":{"line":12,"column":3}},"type":"switch","locations":[{"start":{"line":8,"column":4},"end":{"line":9,"column":41}},{"start":{"line":10,"column":4},"end":{"line":11,"column":47}}],"line":7}},"s":{"0":10,"1":7,"2":2,"3":1},"f":{"0":10},"b":{"0":[7,2]},"_coverageSchema":"332fd63041d2c1bcb487cc26dd0d5f7d97098a6c","hash":"9a45123a310ec5a1da9a7c229f0350506e582c21"}
,"/home/anthony/develop/chat-app/src/server/store.js": {"path":"/home/anthony/develop/chat-app/src/server/store.js","statementMap":{"0":{"start":{"line":5,"column":29},"end":{"line":9,"column":2}},"1":{"start":{"line":12,"column":2},"end":{"line":12,"column":40}}},"fnMap":{"0":{"name":"makeStore","decl":{"start":{"line":11,"column":16},"end":{"line":11,"column":25}},"loc":{"start":{"line":11,"column":49},"end":{"line":13,"column":1}},"line":11}},"branchMap":{"0":{"loc":{"start":{"line":11,"column":26},"end":{"line":11,"column":47}},"type":"default-arg","locations":[{"start":{"line":11,"column":34},"end":{"line":11,"column":47}}],"line":11}},"s":{"0":1,"1":1},"f":{"0":1},"b":{"0":[0]},"_coverageSchema":"332fd63041d2c1bcb487cc26dd0d5f7d97098a6c","hash":"65c73cd82f466e6c8586b23f1f59bf71b7d073f6"}
}
