TN:
SF:/home/anthony/develop/chat-app/src/client/components/InputBox.jsx
FN:7,(anonymous_0)
FN:17,(anonymous_1)
FNF:2
FNH:2
FNDA:1,(anonymous_0)
FNDA:1,(anonymous_1)
DA:8,1
DA:9,1
DA:10,1
DA:11,1
DA:12,1
DA:14,0
DA:18,1
DA:33,1
LF:8
LH:7
BRDA:10,0,0,1
BRDA:10,0,1,0
BRF:2
BRH:1
end_of_record
TN:
SF:/home/anthony/develop/chat-app/src/client/components/Message.jsx
FN:6,(anonymous_0)
FNF:1
FNH:1
FNDA:3,(anonymous_0)
DA:7,3
DA:8,3
DA:10,3
DA:24,2
LF:4
LH:4
BRDA:8,0,0,1
BRDA:8,0,1,2
BRF:2
BRH:2
end_of_record
TN:
SF:/home/anthony/develop/chat-app/src/client/components/MessageList.jsx
FN:8,(anonymous_0)
FN:12,(anonymous_1)
FN:16,(anonymous_2)
FN:24,(anonymous_3)
FNF:4
FNH:4
FNDA:2,(anonymous_0)
FNDA:2,(anonymous_1)
FNDA:2,(anonymous_2)
FNDA:2,(anonymous_3)
DA:9,2
DA:13,2
DA:14,1
DA:16,1
DA:17,2
DA:25,2
DA:33,1
LF:7
LH:7
BRDA:13,0,0,1
BRDA:13,0,1,1
BRDA:13,1,0,2
BRDA:13,1,1,2
BRF:4
BRH:4
end_of_record
TN:
SF:/home/anthony/develop/chat-app/src/client/components/RoomList.jsx
FN:6,(anonymous_0)
FN:10,(anonymous_1)
FN:15,(anonymous_2)
FN:20,(anonymous_3)
FNF:4
FNH:4
FNDA:4,(anonymous_0)
FNDA:2,(anonymous_1)
FNDA:4,(anonymous_2)
FNDA:1,(anonymous_3)
DA:7,4
DA:11,2
DA:12,2
DA:16,4
DA:20,1
DA:32,1
LF:6
LH:6
BRDA:17,0,0,2
BRDA:17,0,1,2
BRF:2
BRH:2
end_of_record
TN:
SF:/home/anthony/develop/chat-app/src/server/actionCreator.js
FN:1,addRoom
FN:8,(anonymous_1)
FNF:2
FNH:2
FNDA:4,addRoom
FNDA:1,(anonymous_1)
DA:2,4
DA:8,2
LF:2
LH:2
BRF:0
BRH:0
end_of_record
TN:
SF:/home/anthony/develop/chat-app/src/server/core.js
FN:8,addRoom
FN:11,(anonymous_1)
FN:18,removeRoom
FN:20,(anonymous_3)
FN:25,(anonymous_4)
FNF:5
FNH:5
FNDA:9,addRoom
FNDA:9,(anonymous_1)
FNDA:4,removeRoom
FNDA:4,(anonymous_3)
FNDA:3,(anonymous_4)
DA:4,3
DA:9,9
DA:11,9
DA:19,4
DA:20,4
DA:21,4
DA:22,1
DA:23,1
DA:25,3
LF:9
LH:9
BRDA:8,0,0,3
BRDA:9,1,0,0
BRDA:9,1,1,9
BRDA:9,2,0,9
BRDA:9,2,1,9
BRDA:12,3,0,9
BRDA:12,3,1,6
BRDA:13,4,0,9
BRDA:13,4,1,0
BRDA:21,5,0,1
BRDA:21,5,1,3
BRDA:21,6,0,4
BRDA:21,6,1,4
BRF:13
BRH:11
end_of_record
TN:
SF:/home/anthony/develop/chat-app/src/server/reducer.js
FN:6,reducer
FNF:1
FNH:1
FNDA:10,reducer
DA:7,10
DA:9,7
DA:11,2
DA:13,1
LF:4
LH:4
BRDA:7,0,0,7
BRDA:7,0,1,2
BRF:2
BRH:2
end_of_record
TN:
SF:/home/anthony/develop/chat-app/src/server/store.js
FN:11,makeStore
FNF:1
FNH:1
FNDA:1,makeStore
DA:5,1
DA:12,1
LF:2
LH:2
BRDA:11,0,0,0
BRF:1
BRH:0
end_of_record
